<employee>
    <person>
        <name>Anna</name>
        <gender>FEMALE</gender>
    </person>
    <id>23</id>
    <subOrdinates class="empty-set"/>
</employee>
